*Header begin
Subject ID = lkc3
edf_name = LogFiles\/lkc31.log
Group = WS
Dummy Mode =  0
*Header end
%%%%%%%%%%%%%%%%%%%%%%%%%%%%%%%%%%%%%%%%%%%%%%%%%%%%%%%%%
1	 11	 0	 -1	 5	 -2.761937e-02	 1	 1.000000e-01	 2.352950e+00	 6 
2	 10	 0	 -5	 5	 -4.569287e-02	 1	 0	 1.161360e+00	 4 
3	 8	 0	 -15	 5	 4.284205e-03	 1	 5.000000e-01	 1.464286e+00	 4 
4	 12	 0	 1	 5	 -3.686955e-02	 1	 -1.000000e-01	 2.307803e+00	 4 
5	 2	 0	 -5	 5	 -3.148588e-03	 1	 4.000000e-01	 2.526048e+00	 4 
6	 15	 0	 15	 5	 1.382932e-02	 1	 1.000000e-01	 1.471060e+00	 6 
7	 7	 0	 15	 5	 2.775589e-03	 1	 9.000000e-01	 2.402125e+00	 6 
8	 20	 0	 1	 5	 2.445714e-02	 1	 9.000000e-01	 3.384245e+00	 6 
9	 3	 0	 -1	 5	 3.206123e-02	 1	 8.000000e-01	 4.791666e+00	 6 
10	 9	 0	 -10	 5	 4.680718e-02	 1	 8.000000e-01	 3.693348e+00	 6 
11	 1	 0	 -10	 5	 1.063715e-02	 1	 3.000000e-01	 3.807725e+00	 4 
12	 19	 0	 -1	 5	 5.886551e-03	 1	 7.000000e-01	 3.582033e+00	 4 
13	 18	 0	 -5	 5	 -3.878481e-02	 1	 -8.000000e-01	 4.628941e+00	 4 
14	 6	 0	 10	 5	 -3.922512e-02	 1	 4.000000e-01	 1.161555e+00	 6 
15	 13	 0	 5	 5	 -3.891156e-03	 1	 4.000000e-01	 1.944976e+00	 6 
16	 5	 0	 5	 5	 -4.883332e-02	 1	 6.000000e-01	 2.209192e+00	 4 
17	 4	 0	 1	 5	 -4.725366e-02	 1	 0	 1.814437e+00	 4 
18	 14	 0	 10	 5	 -4.478687e-02	 1	 6.000000e-01	 3.892081e+00	 6 
19	 16	 0	 -15	 5	 -2.849081e-02	 1	 0	 9.822400e-01	 4 
20	 17	 0	 -10	 5	 -3.816407e-02	 1	 -6.000000e-01	 1.380118e+00	 4 
21	 30	 0	 10	 5	 4.788895e-02	 1	 -6.000000e-01	 1.698382e+00	 6 
22	 26	 0	 -5	 5	 2.280442e-02	 1	 -7.000000e-01	 1.140914e+00	 4 
23	 21	 0	 5	 5	 -1.788445e-02	 1	 -8.000000e-01	 3.373142e+00	 6 
24	 36	 0	 1	 5	 2.768669e-02	 1	 2.000000e-01	 1.612868e+00	 6 
25	 24	 0	 -15	 5	 -2.352877e-02	 1	 1.000000e-01	 1.362499e+00	 4 
26	 34	 0	 -5	 5	 3.412035e-02	 1	 1.000000e-01	 2.449666e+00	 4 
27	 40	 0	 -15	 5	 4.166407e-02	 1	 2.000000e-01	 2.326218e+00	 4 
28	 39	 0	 15	 5	 1.635248e-02	 1	 7.000000e-01	 2.934820e+00	 6 
29	 23	 0	 15	 5	 -3.028500e-02	 1	 4.000000e-01	 6.023821e+00	 6 
30	 29	 0	 5	 5	 -4.867625e-02	 1	 1.000000e-01	 4.852233e+00	 4 
31	 22	 0	 10	 5	 2.469169e-02	 1	 0	 1.296694e+00	 6 
32	 28	 0	 1	 5	 4.320753e-02	 1	 1.000000e-01	 5.082833e+00	 6 
33	 31	 0	 15	 5	 4.422554e-02	 1	 -3.000000e-01	 1.397660e+00	 6 
34	 33	 0	 -10	 5	 3.770475e-02	 1	 -9.000000e-01	 5.123264e+00	 6 
35	 27	 0	 -1	 5	 -3.220871e-02	 1	 -7.000000e-01	 3.156846e+00	 4 
36	 35	 0	 -1	 5	 -2.196015e-02	 1	 -2.000000e-01	 1.460698e+00	 4 
37	 32	 0	 -15	 5	 1.619450e-02	 1	 2.000000e-01	 1.528162e+00	 4 
38	 37	 0	 5	 5	 -7.104884e-03	 1	 9.000000e-01	 3.248948e+00	 6 
39	 25	 0	 -10	 5	 6.799265e-03	 1	 8.000000e-01	 1.167234e+00	 4 
40	 38	 0	 10	 5	 2.716892e-02	 1	 3.000000e-01	 1.996538e+00	 4 
1	 3	 0	 -1.400000e+00	 34	 3.950887e-02	 1	 3.000000e-01	 2.889714e+00	 6 
2	 33	 0	 -14	 34	 -1.505114e-02	 1	 1.000000e-01	 1.875836e+00	 4 
3	 20	 0	 1.400000e+00	 34	 -2.099761e-02	 1	 8.000000e-01	 2.303365e+00	 6 
4	 14	 0	 14	 34	 -1.556003e-02	 1	 -4.000000e-01	 1.322129e+00	 4 
5	 19	 0	 -1.400000e+00	 34	 1.449412e-02	 1	 4.000000e-01	 3.252056e+00	 4 
6	 8	 0	 -21	 34	 2.604137e-02	 1	 -5.000000e-01	 1.792727e+00	 6 
7	 32	 0	 -21	 34	 9.575601e-03	 1	 -1.000000e-01	 2.479715e+00	 6 
8	 24	 0	 -21	 34	 4.287281e-02	 1	 -7.000000e-01	 1.202737e+00	 4 
9	 29	 0	 7	 34	 -3.423754e-03	 1	 1	 1.960661e+00	 4 
10	 12	 0	 1.400000e+00	 34	 -4.103660e-02	 1	 2.000000e-01	 1.224787e+00	 6 
11	 34	 0	 -7	 34	 -1.477782e-02	 1	 -3.000000e-01	 3.046155e+00	 6 
12	 22	 0	 14	 34	 1.626813e-02	 1	 5.000000e-01	 3.203510e+00	 4 
13	 27	 0	 -1.400000e+00	 34	 -3.011067e-02	 1	 5.000000e-01	 1.585664e+00	 4 
14	 7	 0	 21	 34	 -4.124780e-02	 1	 8.000000e-01	 1.424231e+00	 6 
15	 21	 0	 7	 34	 -1.716296e-02	 1	 -1.000000e-01	 2.374369e+00	 4 
16	 11	 0	 -1.400000e+00	 34	 1.573406e-02	 1	 2.000000e-01	 1.702852e+00	 6 
17	 40	 0	 -21	 34	 1.048180e-02	 1	 5.000000e-01	 2.689718e+00	 4 
18	 15	 0	 21	 34	 1.669643e-02	 1	 1.000000e-01	 1.460542e+00	 6 
19	 4	 0	 1.400000e+00	 34	 2.185620e-03	 1	 9.000000e-01	 4.111947e+00	 6 
20	 35	 0	 -1.400000e+00	 34	 7.575716e-03	 1	 -4.000000e-01	 5.274100e+00	 6 
21	 1	 0	 -14	 34	 8.226304e-03	 1	 9.000000e-01	 1.261258e+00	 6 
22	 25	 0	 -14	 34	 -3.748698e-03	 1	 -1.000000e-01	 4.865284e+00	 4 
23	 36	 0	 1.400000e+00	 34	 8.222059e-04	 1	 -9.000000e-01	 2.061621e+00	 4 
24	 6	 0	 14	 34	 -3.167777e-02	 1	 1.000000e-01	 1.073746e+00	 4 
25	 28	 0	 1.400000e+00	 34	 3.040181e-02	 1	 -1	 2.837369e+00	 6 
26	 23	 0	 21	 34	 -6.528752e-03	 1	 5.000000e-01	 7.942570e-01	 6 
27	 18	 0	 -7	 34	 -3.050699e-03	 1	 8.000000e-01	 1.304952e+00	 4 
28	 17	 0	 -14	 34	 1.717809e-02	 1	 3.000000e-01	 5.274743e+00	 6 
29	 37	 0	 7	 34	 -2.453842e-02	 1	 -8.000000e-01	 7.207182e+00	 6 
30	 30	 0	 14	 34	 -4.216724e-02	 1	 -7.000000e-01	 1.445541e+00	 6 
31	 9	 0	 -14	 34	 -2.264435e-02	 1	 1	 6.425852e+00	 4 
32	 38	 0	 14	 34	 4.932810e-02	 1	 4.000000e-01	 1.278999e+00	 6 
33	 13	 0	 7	 34	 -2.529596e-02	 1	 5.000000e-01	 3.994368e+00	 6 
34	 26	 0	 -7	 34	 -5.255723e-03	 1	 -8.000000e-01	 3.449542e+00	 4 
35	 2	 0	 -7	 34	 2.073625e-02	 1	 -8.000000e-01	 2.134038e+00	 6 
36	 39	 0	 21	 34	 2.588706e-02	 1	 -9.000000e-01	 1.639662e+00	 6 
37	 5	 0	 7	 34	 -2.569277e-02	 1	 -9.000000e-01	 1.357025e+00	 6 
38	 10	 0	 -7	 34	 1.177418e-02	 1	 1.000000e-01	 3.273833e+00	 6 
39	 31	 0	 21	 34	 -1.751191e-02	 1	 4.000000e-01	 2.018287e+00	 4 
40	 16	 0	 -21	 34	 -3.650647e-02	 1	 8.000000e-01	 1.663856e+00	 4 
41	 62	 0	 14	 34	 -2.628709e-02	 1	 -8.000000e-01	 3.208983e+00	 4 
42	 65	 0	 -14	 34	 4.358903e-02	 1	 -1.000000e-01	 2.054611e+00	 4 
43	 74	 0	 -7	 34	 1.327945e-02	 1	 -7.000000e-01	 2.610314e+00	 6 
44	 43	 0	 -1.400000e+00	 34	 1.572380e-02	 1	 -3.000000e-01	 2.651723e+00	 4 
45	 52	 0	 1.400000e+00	 34	 -3.377407e-02	 1	 4.000000e-01	 2.252785e+00	 4 
46	 77	 0	 7	 34	 3.777767e-03	 1	 -6.000000e-01	 1.905235e+00	 6 
47	 50	 0	 -7	 34	 -3.838073e-02	 1	 4.000000e-01	 4.068359e+00	 6 
48	 53	 0	 7	 34	 -4.666889e-02	 1	 -9.000000e-01	 1.125056e+00	 6 
49	 79	 0	 21	 34	 -2.093885e-02	 1	 -1.000000e-01	 2.025918e+00	 4 
50	 66	 0	 -7	 34	 -8.757770e-03	 1	 -9.000000e-01	 2.606776e+00	 4 
51	 78	 0	 14	 34	 -4.762945e-02	 1	 7.000000e-01	 2.154041e+00	 6 
52	 48	 0	 -21	 34	 1.471794e-02	 1	 -5.000000e-01	 2.646166e+00	 4 
53	 76	 0	 1.400000e+00	 34	 1.458339e-02	 1	 -8.000000e-01	 2.746374e+00	 4 
54	 55	 0	 21	 34	 1.363581e-02	 1	 4.000000e-01	 4.251800e+00	 6 
55	 49	 0	 -14	 34	 -4.465489e-03	 1	 -7.000000e-01	 1.560923e+00	 6 
56	 41	 0	 -14	 34	 6.523462e-03	 1	 1	 1.248043e+00	 4 
57	 60	 0	 1.400000e+00	 34	 3.052856e-02	 1	 -4.000000e-01	 4.949221e+00	 4 
58	 47	 0	 21	 34	 2.409179e-02	 1	 -5.000000e-01	 1.716809e+00	 6 
59	 71	 0	 21	 34	 2.555758e-02	 1	 -3.000000e-01	 1.006195e+00	 6 
60	 68	 0	 1.400000e+00	 34	 8.046957e-03	 1	 4.000000e-01	 2.109476e+00	 4 
61	 75	 0	 -1.400000e+00	 34	 -4.056381e-02	 1	 4.000000e-01	 1.926452e+00	 4 
62	 61	 0	 7	 34	 2.628087e-02	 1	 0	 1.568461e+00	 6 
63	 51	 0	 -1.400000e+00	 34	 4.785556e-02	 1	 -2.000000e-01	 2.577008e+00	 6 
64	 59	 0	 -1.400000e+00	 34	 1.143285e-02	 1	 -5.000000e-01	 3.396623e+00	 4 
65	 44	 0	 1.400000e+00	 34	 -4.233365e-02	 1	 1.000000e-01	 2.696120e+00	 6 
66	 72	 0	 -21	 34	 4.316030e-02	 1	 -5.000000e-01	 1.154644e+00	 6 
67	 69	 0	 7	 34	 2.045219e-02	 1	 6.000000e-01	 2.579421e+00	 6 
68	 42	 0	 -7	 34	 4.854157e-02	 1	 -7.000000e-01	 1.362194e+00	 4 
69	 54	 0	 14	 34	 3.816902e-02	 1	 -3.000000e-01	 5.855078e-01	 6 
70	 46	 0	 14	 34	 -3.928246e-02	 1	 -2.000000e-01	 3.384145e+00	 6 
71	 73	 0	 -14	 34	 2.022059e-02	 1	 3.000000e-01	 2.135619e+00	 6 
72	 57	 0	 -14	 34	 -1.965535e-02	 1	 4.000000e-01	 1.081355e+00	 6 
73	 70	 0	 14	 34	 9.973444e-03	 1	 4.000000e-01	 2.027947e+00	 6 
74	 67	 0	 -1.400000e+00	 34	 7.592093e-03	 1	 0	 3.625569e+00	 6 
75	 63	 0	 21	 34	 -7.069899e-03	 1	 -1	 1.527213e+00	 6 
76	 45	 0	 7	 34	 4.146913e-02	 1	 1.000000e-01	 1.432213e+00	 6 
77	 64	 0	 -21	 34	 3.276274e-02	 1	 4.000000e-01	 3.101894e+00	 6 
78	 56	 0	 -21	 34	 -3.899694e-02	 1	 -7.000000e-01	 3.184611e+00	 4 
79	 80	 0	 -21	 34	 -9.905326e-03	 1	 -2.000000e-01	 9.808116e+00	 4 
80	 58	 0	 -7	 34	 1.223882e-03	 1	 4.000000e-01	 1.365880e+00	 6 
1	 25	 0	 -12	 1.750000e+01	 -3.787670e-02	 1	 1.000000e-01	 2.611900e+00	 4 
2	 3	 0	 -1.200000e+00	 1.750000e+01	 -4.611382e-02	 1	 -1.000000e-01	 2.934553e+00	 4 
3	 8	 0	 -18	 1.750000e+01	 3.211901e-02	 1	 7.000000e-01	 2.147741e+00	 4 
4	 9	 0	 -12	 1.750000e+01	 2.802710e-02	 1	 -2.000000e-01	 1.532811e+00	 6 
5	 30	 0	 12	 1.750000e+01	 -1.134319e-03	 1	 6.000000e-01	 1.141995e+00	 6 
6	 11	 0	 -1.200000e+00	 1.750000e+01	 2.312605e-02	 1	 -1.000000e-01	 7.754354e-01	 6 
7	 12	 0	 1.200000e+00	 1.750000e+01	 -1.269667e-02	 1	 7.000000e-01	 1.799696e+00	 6 
8	 19	 0	 -1.200000e+00	 1.750000e+01	 1.629793e-03	 1	 -1.000000e-01	 3.326462e+00	 4 
9	 24	 0	 -18	 1.750000e+01	 -4.508600e-02	 1	 -9.000000e-01	 1.680636e+00	 4 
10	 32	 0	 -18	 1.750000e+01	 -3.135051e-02	 1	 -6.000000e-01	 1.748668e+00	 4 
11	 13	 0	 6	 1.750000e+01	 -4.306588e-02	 1	 -8.000000e-01	 1.765235e+00	 4 
12	 23	 0	 18	 1.750000e+01	 3.434365e-02	 1	 0	 1.037535e+00	 6 
13	 28	 0	 1.200000e+00	 1.750000e+01	 -2.333437e-03	 1	 1.000000e-01	 1.074719e+00	 6 
14	 14	 0	 12	 1.750000e+01	 5.626145e-03	 1	 -1	 8.631167e-01	 6 
15	 7	 0	 18	 1.750000e+01	 -1.678245e-02	 1	 9.000000e-01	 1.003992e+00	 6 
16	 26	 0	 -6	 1.750000e+01	 -1.685215e-02	 1	 2.000000e-01	 1.098022e+00	 4 
17	 6	 0	 12	 1.750000e+01	 -3.710057e-02	 1	 -9.000000e-01	 7.231796e-01	 6 
18	 36	 0	 1.200000e+00	 1.750000e+01	 8.357890e-04	 1	 1.000000e-01	 6.421704e-01	 6 
19	 31	 0	 18	 1.750000e+01	 -1.865559e-03	 1	 -6.000000e-01	 8.661682e-01	 6 
20	 40	 0	 -18	 1.750000e+01	 -4.427842e-02	 1	 -1	 8.054126e-01	 4 
21	 39	 0	 18	 1.750000e+01	 1.119660e-02	 1	 3.000000e-01	 1.012292e+00	 6 
22	 2	 0	 -6	 1.750000e+01	 2.287496e-02	 1	 0	 1.145772e+00	 6 
23	 21	 0	 6	 1.750000e+01	 -1.339141e-02	 1	 7.000000e-01	 1.065526e+00	 6 
24	 29	 0	 6	 1.750000e+01	 -2.889253e-02	 1	 8.000000e-01	 1.001655e+00	 6 
25	 5	 0	 6	 1.750000e+01	 1.496515e-02	 1	 -9.000000e-01	 8.517853e-01	 6 
26	 10	 0	 -6	 1.750000e+01	 -7.454014e-03	 1	 1.000000e-01	 8.884236e-01	 4 
27	 4	 0	 1.200000e+00	 1.750000e+01	 -1.703279e-02	 1	 -2.000000e-01	 9.479873e-01	 6 
28	 20	 0	 1.200000e+00	 1.750000e+01	 -1.847516e-02	 1	 7.000000e-01	 1.025248e+00	 6 
29	 37	 0	 6	 1.750000e+01	 -1.842839e-03	 1	 -2.000000e-01	 1.123002e+00	 6 
30	 35	 0	 -1.200000e+00	 1.750000e+01	 -8.681700e-03	 1	 -1.000000e-01	 1.148115e+00	 4 
31	 1	 0	 -12	 1.750000e+01	 3.628254e-02	 1	 -3.000000e-01	 1.452428e+00	 4 
32	 27	 0	 -1.200000e+00	 1.750000e+01	 4.163075e-02	 1	 -1.000000e-01	 9.603373e-01	 6 
33	 33	 0	 -12	 1.750000e+01	 3.260896e-02	 1	 -4.000000e-01	 9.917512e-01	 4 
34	 38	 0	 12	 1.750000e+01	 -1.322929e-02	 1	 8.000000e-01	 1.063292e+00	 4 
35	 34	 0	 -6	 1.750000e+01	 4.777290e-02	 1	 4.000000e-01	 8.914199e-01	 6 
36	 17	 0	 -12	 1.750000e+01	 1.686882e-02	 1	 9.000000e-01	 1.290440e+00	 6 
37	 16	 0	 -18	 1.750000e+01	 2.492560e-02	 1	 8.000000e-01	 8.093348e-01	 6 
38	 15	 0	 18	 1.750000e+01	 3.031431e-02	 1	 -1	 6.708636e-01	 6 
39	 18	 0	 -6	 1.750000e+01	 4.546620e-02	 1	 -2.000000e-01	 7.760829e-01	 6 
40	 22	 0	 12	 1.750000e+01	 2.493918e-02	 1	 7.000000e-01	 6.663670e-01	 6 
41	 79	 0	 18	 1.750000e+01	 3.301752e-02	 1	 -3.000000e-01	 1.156483e+00	 6 
42	 46	 0	 12	 1.750000e+01	 -3.157082e-02	 1	 -7.000000e-01	 7.781612e-01	 6 
43	 52	 0	 1.200000e+00	 1.750000e+01	 1.543326e-02	 1	 5.000000e-01	 8.690927e-01	 6 
44	 53	 0	 6	 1.750000e+01	 -2.549812e-03	 1	 -6.000000e-01	 7.852737e-01	 6 
45	 55	 0	 18	 1.750000e+01	 1.014665e-05	 1	 2.000000e-01	 7.173941e-01	 6 
46	 61	 0	 6	 1.750000e+01	 -3.576978e-02	 1	 2.000000e-01	 7.215250e-01	 6 
47	 45	 0	 6	 1.750000e+01	 -1.492794e-02	 1	 9.000000e-01	 5.796471e-01	 6 
48	 70	 0	 12	 1.750000e+01	 -1.475896e-02	 1	 -9.000000e-01	 6.273954e-01	 6 
49	 65	 0	 -12	 1.750000e+01	 -2.452400e-02	 1	 6.000000e-01	 7.449206e-01	 6 
50	 41	 0	 -12	 1.750000e+01	 -1.441229e-02	 1	 1.000000e-01	 7.134317e-01	 4 
51	 50	 0	 -6	 1.750000e+01	 3.056370e-02	 1	 -6.000000e-01	 6.438776e-01	 6 
52	 80	 0	 -18	 1.750000e+01	 -5.905384e-03	 1	 -3.000000e-01	 7.849154e-01	 4 
53	 75	 0	 -1.200000e+00	 1.750000e+01	 -9.985502e-03	 1	 1	 1.111515e+00	 4 
54	 54	 0	 12	 1.750000e+01	 4.175273e-02	 1	 -8.000000e-01	 9.295135e-01	 6 
55	 47	 0	 18	 1.750000e+01	 -5.604931e-03	 1	 -7.000000e-01	 7.956198e-01	 6 
56	 74	 0	 -6	 1.750000e+01	 3.632758e-02	 1	 -6.000000e-01	 8.097983e-01	 6 
57	 76	 0	 1.200000e+00	 1.750000e+01	 1.181236e-02	 1	 8.000000e-01	 9.446087e-01	 6 
58	 64	 0	 -18	 1.750000e+01	 2.729655e-02	 1	 3.000000e-01	 9.190260e-01	 6 
59	 56	 0	 -18	 1.750000e+01	 1.211596e-03	 1	 -9.000000e-01	 1.100151e+00	 4 
60	 71	 0	 18	 1.750000e+01	 -9.084108e-03	 1	 9.000000e-01	 8.547866e-01	 6 
61	 60	 0	 1.200000e+00	 1.750000e+01	 1.483684e-02	 1	 -6.000000e-01	 1.115457e+00	 6 
62	 69	 0	 6	 1.750000e+01	 1.461543e-02	 1	 6.000000e-01	 8.856032e-01	 4 
63	 58	 0	 -6	 1.750000e+01	 1.842388e-02	 1	 4.000000e-01	 1.024276e+00	 4 
64	 48	 0	 -18	 1.750000e+01	 -3.358134e-02	 1	 -6.000000e-01	 1.141805e+00	 6 
65	 51	 0	 -1.200000e+00	 1.750000e+01	 1.079279e-02	 1	 -2.000000e-01	 1.130434e+00	 4 
66	 78	 0	 12	 1.750000e+01	 6.294082e-03	 1	 -2.000000e-01	 7.592236e-01	 6 
67	 44	 0	 1.200000e+00	 1.750000e+01	 -4.023068e-03	 1	 9.000000e-01	 7.830804e-01	 6 
68	 43	 0	 -1.200000e+00	 1.750000e+01	 1.809344e-02	 1	 -8.000000e-01	 9.188100e-01	 6 
69	 73	 0	 -12	 1.750000e+01	 -3.259003e-02	 1	 8.000000e-01	 8.489233e-01	 4 
70	 72	 0	 -18	 1.750000e+01	 3.215192e-03	 1	 0	 8.839944e-01	 4 
71	 57	 0	 -12	 1.750000e+01	 -1.331495e-02	 1	 0	 9.197790e-01	 6 
72	 62	 0	 12	 1.750000e+01	 -2.965050e-02	 1	 -3.000000e-01	 8.177345e-01	 6 
73	 68	 0	 1.200000e+00	 1.750000e+01	 1.537799e-02	 1	 1.000000e-01	 9.113015e-01	 6 
74	 49	 0	 -12	 1.750000e+01	 -4.137176e-03	 1	 -3.000000e-01	 1.017092e+00	 4 
75	 66	 0	 -6	 1.750000e+01	 7.152135e-03	 1	 -5.000000e-01	 7.111326e-01	 6 
76	 63	 0	 18	 1.750000e+01	 1.989936e-02	 1	 -6.000000e-01	 6.651931e-01	 6 
77	 77	 0	 6	 1.750000e+01	 4.292391e-02	 1	 -7.000000e-01	 5.096609e-01	 6 
78	 42	 0	 -6	 1.750000e+01	 -1.683482e-02	 1	 9.000000e-01	 7.675693e-01	 6 
79	 67	 0	 -1.200000e+00	 1.750000e+01	 2.825312e-02	 1	 -4.000000e-01	 7.756691e-01	 6 
80	 59	 0	 -1.200000e+00	 1.750000e+01	 -3.547206e-02	 1	 1	 1.427988e+00	 6 
1	 14	 0	 10	 5	 -4.115970e-02	 1	 6.000000e-01	 1.039850e+00	 6 
2	 18	 0	 -5	 5	 2.191042e-02	 1	 6.000000e-01	 2.469257e+00	 6 
3	 21	 0	 5	 5	 8.665005e-03	 1	 0	 1.641471e+00	 6 
4	 28	 0	 1	 5	 1.908890e-02	 1	 -8.000000e-01	 2.245427e+00	 6 
5	 4	 0	 1	 5	 -3.849478e-03	 1	 0	 1.746288e+00	 6 
6	 7	 0	 15	 5	 -2.289022e-02	 1	 -8.000000e-01	 9.470242e-01	 6 
7	 39	 0	 15	 5	 -1.737296e-02	 1	 1.000000e-01	 1.722892e+00	 6 
8	 23	 0	 15	 5	 3.921346e-02	 1	 -4.000000e-01	 1.421321e+00	 6 
9	 40	 0	 -15	 5	 -4.691537e-02	 1	 7.000000e-01	 1.394733e+00	 4 
10	 34	 0	 -5	 5	 -3.381386e-02	 1	 7.000000e-01	 1.137331e+00	 4 
11	 9	 0	 -10	 5	 -1.717531e-02	 1	 7.000000e-01	 1.026744e+00	 6 
12	 36	 0	 1	 5	 -7.683535e-03	 1	 8.000000e-01	 1.024111e+00	 6 
13	 32	 0	 -15	 5	 -1.357290e-02	 1	 9.000000e-01	 7.487662e-01	 4 
14	 13	 0	 5	 5	 -9.774270e-03	 1	 -7.000000e-01	 7.781830e-01	 6 
15	 25	 0	 -10	 5	 3.093761e-02	 1	 7.000000e-01	 6.058547e-01	 4 
16	 38	 0	 10	 5	 -4.675857e-02	 1	 4.000000e-01	 1.068796e+00	 4 
17	 17	 0	 -10	 5	 7.232004e-03	 1	 1.000000e-01	 9.363343e-01	 4 
18	 16	 0	 -15	 5	 -6.041565e-03	 1	 -7.000000e-01	 8.262486e-01	 4 
19	 12	 0	 1	 5	 3.924112e-02	 1	 0	 1.030899e+00	 6 
20	 37	 0	 5	 5	 -3.907551e-02	 1	 2.000000e-01	 1.795552e+00	 6 
21	 30	 0	 10	 5	 1.774007e-02	 1	 -4.000000e-01	 8.576706e-01	 6 
22	 24	 0	 -15	 5	 -4.932340e-02	 1	 7.000000e-01	 1.270206e+00	 4 
23	 20	 0	 1	 5	 -4.332880e-02	 1	 -4.000000e-01	 1.074810e+00	 4 
24	 8	 0	 -15	 5	 3.823094e-02	 1	 8.000000e-01	 1.443203e+00	 4 
25	 11	 0	 -1	 5	 -1.772888e-02	 1	 2.000000e-01	 1.851790e+00	 6 
26	 27	 0	 -1	 5	 -2.284106e-02	 1	 -2.000000e-01	 1.687916e+00	 4 
27	 22	 0	 10	 5	 4.120798e-02	 1	 1	 1.034778e+00	 6 
28	 2	 0	 -5	 5	 -7.228616e-03	 1	 8.000000e-01	 1.975438e+00	 6 
29	 33	 0	 -10	 5	 -3.361032e-03	 1	 4.000000e-01	 8.636313e-01	 4 
30	 10	 0	 -5	 5	 2.989982e-02	 1	 -4.000000e-01	 1.402945e+00	 4 
31	 19	 0	 -1	 5	 4.341424e-03	 1	 5.000000e-01	 1.337172e+00	 6 
32	 5	 0	 5	 5	 3.038209e-02	 1	 0	 9.103948e-01	 6 
33	 31	 0	 15	 5	 -2.799443e-03	 1	 5.000000e-01	 1.084796e+00	 6 
34	 1	 0	 -10	 5	 -4.031401e-02	 1	 0	 1.432075e+00	 4 
35	 6	 0	 10	 5	 3.368110e-03	 1	 -3.000000e-01	 1.501461e+00	 6 
36	 26	 0	 -5	 5	 2.641562e-02	 1	 -6.000000e-01	 1.448284e+00	 4 
37	 29	 0	 5	 5	 -4.631599e-02	 1	 6.000000e-01	 1.580867e+00	 4 
38	 3	 0	 -1	 5	 1.892675e-03	 1	 0	 2.811874e+00	 6 
39	 35	 0	 -1	 5	 1.824037e-02	 1	 6.000000e-01	 2.274454e+00	 6 
40	 15	 0	 15	 5	 -1.220294e-03	 1	 8.000000e-01	 7.029617e-01	 6 
41	 45	 0	 5	 5	 4.117665e-02	 1	 -6.000000e-01	 8.849968e-01	 6 
42	 51	 0	 -1	 5	 3.198865e-02	 1	 -8.000000e-01	 9.079530e-01	 4 
43	 53	 0	 5	 5	 -1.670514e-03	 1	 -4.000000e-01	 1.479001e+00	 6 
44	 79	 0	 15	 5	 -9.033381e-03	 1	 -2.000000e-01	 7.539475e-01	 6 
45	 47	 0	 15	 5	 2.702107e-02	 1	 -3.000000e-01	 6.109860e-01	 6 
46	 72	 0	 -15	 5	 4.960296e-02	 1	 -4.000000e-01	 1.040121e+00	 4 
47	 68	 0	 1	 5	 -1.713077e-02	 1	 4.000000e-01	 1.394257e+00	 4 
48	 46	 0	 10	 5	 4.973501e-02	 1	 -3.000000e-01	 5.891855e-01	 6 
49	 57	 0	 -10	 5	 -3.519381e-02	 1	 -8.000000e-01	 5.407440e-01	 4 
50	 77	 0	 5	 5	 3.043287e-02	 1	 -8.000000e-01	 1.413901e+00	 6 
51	 62	 0	 10	 5	 -3.084740e-02	 1	 -8.000000e-01	 9.046207e-01	 6 
52	 54	 0	 10	 5	 3.284288e-02	 1	 1	 7.420980e-01	 6 
53	 55	 0	 15	 5	 4.582535e-03	 1	 -7.000000e-01	 6.548687e-01	 6 
54	 52	 0	 1	 5	 1.903312e-02	 1	 -8.000000e-01	 1.746992e+00	 6 
55	 70	 0	 10	 5	 2.434097e-02	 1	 2.000000e-01	 1.268568e+00	 6 
56	 75	 0	 -1	 5	 1.826529e-02	 1	 3.000000e-01	 1.727643e+00	 4 
57	 48	 0	 -15	 5	 4.380773e-02	 1	 -3.000000e-01	 2.106166e+00	 4 
58	 59	 0	 -1	 5	 3.315814e-03	 1	 -5.000000e-01	 1.716647e+00	 4 
59	 60	 0	 1	 5	 -6.353230e-03	 1	 9.000000e-01	 2.814955e+00	 4 
60	 66	 0	 -5	 5	 1.393575e-02	 1	 1	 1.868250e+00	 4 
61	 43	 0	 -1	 5	 -1.409700e-02	 1	 -2.000000e-01	 3.416451e+00	 4 
62	 63	 0	 15	 5	 3.400773e-02	 1	 -9.000000e-01	 7.180787e-01	 6 
63	 64	 0	 -15	 5	 -2.408468e-02	 1	 -4.000000e-01	 7.199461e-01	 4 
64	 41	 0	 -10	 5	 4.649481e-02	 1	 -4.000000e-01	 1.188196e+01	 4 
65	 80	 0	 -15	 5	 -1.299526e-02	 1	 -7.000000e-01	 1.109305e+00	 4 
66	 61	 0	 5	 5	 4.154828e-02	 1	 -4.000000e-01	 1.311218e+00	 6 
67	 56	 0	 -15	 5	 -4.354550e-03	 1	 -3.000000e-01	 8.570300e-01	 4 
68	 73	 0	 -10	 5	 4.382345e-02	 1	 4.000000e-01	 1.966100e+00	 6 
69	 74	 0	 -5	 5	 -1.398177e-02	 1	 -9.000000e-01	 1.237645e+00	 4 
70	 44	 0	 1	 5	 2.683548e-02	 1	 4.000000e-01	 1.799051e+00	 6 
71	 49	 0	 -10	 5	 1.234665e-02	 1	 4.000000e-01	 2.880886e+00	 4 
72	 65	 0	 -10	 5	 2.241464e-02	 1	 0	 3.060120e+00	 4 
73	 71	 0	 15	 5	 3.388100e-02	 1	 -8.000000e-01	 1.287302e+00	 6 
74	 76	 0	 1	 5	 6.877300e-03	 1	 5.000000e-01	 1.410547e+00	 6 
75	 78	 0	 10	 5	 1.648738e-03	 1	 -1.000000e-01	 1.271500e+00	 6 
76	 42	 0	 -5	 5	 -8.947447e-03	 1	 -9.000000e-01	 9.946734e-01	 4 
77	 69	 0	 5	 5	 2.774692e-02	 1	 5.000000e-01	 8.728349e-01	 6 
78	 58	 0	 -5	 5	 -3.919706e-03	 1	 4.000000e-01	 1.285194e+00	 6 
79	 50	 0	 -5	 5	 -1.683101e-02	 1	 1.000000e-01	 6.885866e-01	 4 
80	 67	 0	 -1	 5	 -1.506413e-02	 1	 -2.000000e-01	 1.387944e+00	 4 
